<?xml version="1.0" encoding="UTF-8"?>
<testsuite xmlns:xsi="http://www.w3.org/2001/XMLSchema-instance" xsi:noNamespaceSchemaLocation="https://maven.apache.org/surefire/maven-surefire-plugin/xsd/surefire-test-report-3.0.xsd" version="3.0" name="com.strawserver.strawskyblock.util.ItemDisplayNamesTest" time="0.007" tests="5" errors="0" skipped="0" failures="0">
  <properties>
[...]
</properties>
  <testcase name="humanizeStripsNamespace" classname="com.strawserver.strawskyblock.util.ItemDisplayNamesTest" time="0.001"/>
  <testcase name="humanizeHandlesExtraUnderscores" classname="com.strawserver.strawskyblock.util.ItemDisplayNamesTest" time="0.001"/>
  <testcase name="humanizeSingleWord" classname="com.strawserver.strawskyblock.util.ItemDisplayNamesTest" time="0.0"/>
  <testcase name="humanizeMultiWord" classname="com.strawserver.strawskyblock.util.ItemDisplayNamesTest" time="0.0"/>
  <testcase name="humanizeHandlesNullAndBlank" classname="com.strawserver.strawskyblock.util.ItemDisplayNamesTest" time="0.0"/>
</testsuite>